Info: Starting: Create block symbol file (.bsf)
Info: qsys-generate C:\TEC\Operativos\Tarea1\platform.qsys --block-symbol-file --output-directory=C:\TEC\Operativos\Tarea1\platform --family="Cyclone V" --part=5CSEMA5F31C6
Progress: Loading Tarea1/platform.qsys
Progress: Reading input file
Progress: Adding clk_0 [clock_source 20.1]
Progress: Parameterizing module clk_0
Progress: Adding nios2_gen2_0 [altera_nios2_gen2 20.1]
Progress: Parameterizing module nios2_gen2_0
Progress: Adding pio_button_stop [altera_avalon_pio 20.1]
Progress: Parameterizing module pio_button_stop
Progress: Adding pio_display_0 [altera_avalon_pio 20.1]
Progress: Parameterizing module pio_display_0
Progress: Adding pio_display_1 [altera_avalon_pio 20.1]
Progress: Parameterizing module pio_display_1
Progress: Adding pio_display_2 [altera_avalon_pio 20.1]
Progress: Parameterizing module pio_display_2
Progress: Adding pio_display_3 [altera_avalon_pio 20.1]
Progress: Parameterizing module pio_display_3
Progress: Adding pio_display_4 [altera_avalon_pio 20.1]
Progress: Parameterizing module pio_display_4
Progress: Adding pio_display_5 [altera_avalon_pio 20.1]
Progress: Parameterizing module pio_display_5
Progress: Adding pio_sw_init [altera_avalon_pio 20.1]
Progress: Parameterizing module pio_sw_init
Progress: Adding pio_sw_selector [altera_avalon_pio 20.1]
Progress: Parameterizing module pio_sw_selector
Progress: Adding ram_0 [altera_avalon_onchip_memory2 20.1]
Progress: Parameterizing module ram_0
Progress: Adding rom_0 [altera_avalon_onchip_memory2 20.1]
Progress: Parameterizing module rom_0
Progress: Adding timer_0 [altera_avalon_timer 20.1]
Progress: Parameterizing module timer_0
Progress: Building connections
Progress: Parameterizing connections
Progress: Validating
Progress: Done reading input file
Warning: platform.nios2_gen2_0: No Debugger.  You will not be able to download or debug programs
Info: platform.pio_button_stop: PIO inputs are not hardwired in test bench. Undefined values will be read from PIO inputs during simulation.
Info: platform.pio_sw_init: PIO inputs are not hardwired in test bench. Undefined values will be read from PIO inputs during simulation.
Info: platform.pio_sw_selector: PIO inputs are not hardwired in test bench. Undefined values will be read from PIO inputs during simulation.
Info: qsys-generate succeeded.
Info: Finished: Create block symbol file (.bsf)
Info: 
Info: Starting: Create HDL design files for synthesis
Info: qsys-generate C:\TEC\Operativos\Tarea1\platform.qsys --synthesis=VERILOG --output-directory=C:\TEC\Operativos\Tarea1\platform\synthesis --family="Cyclone V" --part=5CSEMA5F31C6
Progress: Loading Tarea1/platform.qsys
Progress: Reading input file
Progress: Adding clk_0 [clock_source 20.1]
Progress: Parameterizing module clk_0
Progress: Adding nios2_gen2_0 [altera_nios2_gen2 20.1]
Progress: Parameterizing module nios2_gen2_0
Progress: Adding pio_button_stop [altera_avalon_pio 20.1]
Progress: Parameterizing module pio_button_stop
Progress: Adding pio_display_0 [altera_avalon_pio 20.1]
Progress: Parameterizing module pio_display_0
Progress: Adding pio_display_1 [altera_avalon_pio 20.1]
Progress: Parameterizing module pio_display_1
Progress: Adding pio_display_2 [altera_avalon_pio 20.1]
Progress: Parameterizing module pio_display_2
Progress: Adding pio_display_3 [altera_avalon_pio 20.1]
Progress: Parameterizing module pio_display_3
Progress: Adding pio_display_4 [altera_avalon_pio 20.1]
Progress: Parameterizing module pio_display_4
Progress: Adding pio_display_5 [altera_avalon_pio 20.1]
Progress: Parameterizing module pio_display_5
Progress: Adding pio_sw_init [altera_avalon_pio 20.1]
Progress: Parameterizing module pio_sw_init
Progress: Adding pio_sw_selector [altera_avalon_pio 20.1]
Progress: Parameterizing module pio_sw_selector
Progress: Adding ram_0 [altera_avalon_onchip_memory2 20.1]
Progress: Parameterizing module ram_0
Progress: Adding rom_0 [altera_avalon_onchip_memory2 20.1]
Progress: Parameterizing module rom_0
Progress: Adding timer_0 [altera_avalon_timer 20.1]
Progress: Parameterizing module timer_0
Progress: Building connections
Progress: Parameterizing connections
Progress: Validating
Progress: Done reading input file
Warning: platform.nios2_gen2_0: No Debugger.  You will not be able to download or debug programs
Info: platform.pio_button_stop: PIO inputs are not hardwired in test bench. Undefined values will be read from PIO inputs during simulation.
Info: platform.pio_sw_init: PIO inputs are not hardwired in test bench. Undefined values will be read from PIO inputs during simulation.
Info: platform.pio_sw_selector: PIO inputs are not hardwired in test bench. Undefined values will be read from PIO inputs during simulation.
Info: platform: Generating platform "platform" for QUARTUS_SYNTH
Info: Interconnect is inserted between master nios2_gen2_0.instruction_master and slave rom_0.s1 because the master has address signal 12 bit wide, but the slave is 10 bit wide.
Info: Interconnect is inserted between master nios2_gen2_0.instruction_master and slave rom_0.s1 because the master has read signal 1 bit wide, but the slave is 0 bit wide.
Info: Interconnect is inserted between master nios2_gen2_0.instruction_master and slave rom_0.s1 because the master has waitrequest signal 1 bit wide, but the slave is 0 bit wide.
Info: nios2_gen2_0: "platform" instantiated altera_nios2_gen2 "nios2_gen2_0"
Info: pio_button_stop: Starting RTL generation for module 'platform_pio_button_stop'
Info: pio_button_stop:   Generation command is [exec C:/intelfpga_lite/20.1/quartus/bin64/perl/bin/perl.exe -I C:/intelfpga_lite/20.1/quartus/bin64/perl/lib -I C:/intelfpga_lite/20.1/quartus/sopc_builder/bin/europa -I C:/intelfpga_lite/20.1/quartus/sopc_builder/bin -I C:/intelfpga_lite/20.1/quartus/../ip/altera/sopc_builder_ip/common -I C:/intelfpga_lite/20.1/quartus/../ip/altera/sopc_builder_ip/altera_avalon_pio -- C:/intelfpga_lite/20.1/quartus/../ip/altera/sopc_builder_ip/altera_avalon_pio/generate_rtl.pl --name=platform_pio_button_stop --dir=C:/Users/luisA/AppData/Local/Temp/alt9586_8930118524356590514.dir/0002_pio_button_stop_gen/ --quartus_dir=C:/intelfpga_lite/20.1/quartus --verilog --config=C:/Users/luisA/AppData/Local/Temp/alt9586_8930118524356590514.dir/0002_pio_button_stop_gen//platform_pio_button_stop_component_configuration.pl  --do_build_sim=0  ]
Info: pio_button_stop: Done RTL generation for module 'platform_pio_button_stop'
Info: pio_button_stop: "platform" instantiated altera_avalon_pio "pio_button_stop"
Info: pio_display_0: Starting RTL generation for module 'platform_pio_display_0'
Info: pio_display_0:   Generation command is [exec C:/intelfpga_lite/20.1/quartus/bin64/perl/bin/perl.exe -I C:/intelfpga_lite/20.1/quartus/bin64/perl/lib -I C:/intelfpga_lite/20.1/quartus/sopc_builder/bin/europa -I C:/intelfpga_lite/20.1/quartus/sopc_builder/bin -I C:/intelfpga_lite/20.1/quartus/../ip/altera/sopc_builder_ip/common -I C:/intelfpga_lite/20.1/quartus/../ip/altera/sopc_builder_ip/altera_avalon_pio -- C:/intelfpga_lite/20.1/quartus/../ip/altera/sopc_builder_ip/altera_avalon_pio/generate_rtl.pl --name=platform_pio_display_0 --dir=C:/Users/luisA/AppData/Local/Temp/alt9586_8930118524356590514.dir/0003_pio_display_0_gen/ --quartus_dir=C:/intelfpga_lite/20.1/quartus --verilog --config=C:/Users/luisA/AppData/Local/Temp/alt9586_8930118524356590514.dir/0003_pio_display_0_gen//platform_pio_display_0_component_configuration.pl  --do_build_sim=0  ]
Info: pio_display_0: Done RTL generation for module 'platform_pio_display_0'
Info: pio_display_0: "platform" instantiated altera_avalon_pio "pio_display_0"
Info: pio_sw_init: Starting RTL generation for module 'platform_pio_sw_init'
Info: pio_sw_init:   Generation command is [exec C:/intelfpga_lite/20.1/quartus/bin64/perl/bin/perl.exe -I C:/intelfpga_lite/20.1/quartus/bin64/perl/lib -I C:/intelfpga_lite/20.1/quartus/sopc_builder/bin/europa -I C:/intelfpga_lite/20.1/quartus/sopc_builder/bin -I C:/intelfpga_lite/20.1/quartus/../ip/altera/sopc_builder_ip/common -I C:/intelfpga_lite/20.1/quartus/../ip/altera/sopc_builder_ip/altera_avalon_pio -- C:/intelfpga_lite/20.1/quartus/../ip/altera/sopc_builder_ip/altera_avalon_pio/generate_rtl.pl --name=platform_pio_sw_init --dir=C:/Users/luisA/AppData/Local/Temp/alt9586_8930118524356590514.dir/0004_pio_sw_init_gen/ --quartus_dir=C:/intelfpga_lite/20.1/quartus --verilog --config=C:/Users/luisA/AppData/Local/Temp/alt9586_8930118524356590514.dir/0004_pio_sw_init_gen//platform_pio_sw_init_component_configuration.pl  --do_build_sim=0  ]
Info: pio_sw_init: Done RTL generation for module 'platform_pio_sw_init'
Info: pio_sw_init: "platform" instantiated altera_avalon_pio "pio_sw_init"
Info: pio_sw_selector: Starting RTL generation for module 'platform_pio_sw_selector'
Info: pio_sw_selector:   Generation command is [exec C:/intelfpga_lite/20.1/quartus/bin64/perl/bin/perl.exe -I C:/intelfpga_lite/20.1/quartus/bin64/perl/lib -I C:/intelfpga_lite/20.1/quartus/sopc_builder/bin/europa -I C:/intelfpga_lite/20.1/quartus/sopc_builder/bin -I C:/intelfpga_lite/20.1/quartus/../ip/altera/sopc_builder_ip/common -I C:/intelfpga_lite/20.1/quartus/../ip/altera/sopc_builder_ip/altera_avalon_pio -- C:/intelfpga_lite/20.1/quartus/../ip/altera/sopc_builder_ip/altera_avalon_pio/generate_rtl.pl --name=platform_pio_sw_selector --dir=C:/Users/luisA/AppData/Local/Temp/alt9586_8930118524356590514.dir/0005_pio_sw_selector_gen/ --quartus_dir=C:/intelfpga_lite/20.1/quartus --verilog --config=C:/Users/luisA/AppData/Local/Temp/alt9586_8930118524356590514.dir/0005_pio_sw_selector_gen//platform_pio_sw_selector_component_configuration.pl  --do_build_sim=0  ]
Info: pio_sw_selector: Done RTL generation for module 'platform_pio_sw_selector'
Info: pio_sw_selector: "platform" instantiated altera_avalon_pio "pio_sw_selector"
Info: ram_0: Starting RTL generation for module 'platform_ram_0'
Info: ram_0:   Generation command is [exec C:/intelfpga_lite/20.1/quartus/bin64/perl/bin/perl.exe -I C:/intelfpga_lite/20.1/quartus/bin64/perl/lib -I C:/intelfpga_lite/20.1/quartus/sopc_builder/bin/europa -I C:/intelfpga_lite/20.1/quartus/sopc_builder/bin -I C:/intelfpga_lite/20.1/quartus/../ip/altera/sopc_builder_ip/common -I C:/intelfpga_lite/20.1/quartus/../ip/altera/sopc_builder_ip/altera_avalon_onchip_memory2 -- C:/intelfpga_lite/20.1/quartus/../ip/altera/sopc_builder_ip/altera_avalon_onchip_memory2/generate_rtl.pl --name=platform_ram_0 --dir=C:/Users/luisA/AppData/Local/Temp/alt9586_8930118524356590514.dir/0006_ram_0_gen/ --quartus_dir=C:/intelfpga_lite/20.1/quartus --verilog --config=C:/Users/luisA/AppData/Local/Temp/alt9586_8930118524356590514.dir/0006_ram_0_gen//platform_ram_0_component_configuration.pl  --do_build_sim=0  ]
Info: ram_0: Done RTL generation for module 'platform_ram_0'
Info: ram_0: "platform" instantiated altera_avalon_onchip_memory2 "ram_0"
Info: rom_0: Starting RTL generation for module 'platform_rom_0'
Info: rom_0:   Generation command is [exec C:/intelfpga_lite/20.1/quartus/bin64/perl/bin/perl.exe -I C:/intelfpga_lite/20.1/quartus/bin64/perl/lib -I C:/intelfpga_lite/20.1/quartus/sopc_builder/bin/europa -I C:/intelfpga_lite/20.1/quartus/sopc_builder/bin -I C:/intelfpga_lite/20.1/quartus/../ip/altera/sopc_builder_ip/common -I C:/intelfpga_lite/20.1/quartus/../ip/altera/sopc_builder_ip/altera_avalon_onchip_memory2 -- C:/intelfpga_lite/20.1/quartus/../ip/altera/sopc_builder_ip/altera_avalon_onchip_memory2/generate_rtl.pl --name=platform_rom_0 --dir=C:/Users/luisA/AppData/Local/Temp/alt9586_8930118524356590514.dir/0007_rom_0_gen/ --quartus_dir=C:/intelfpga_lite/20.1/quartus --verilog --config=C:/Users/luisA/AppData/Local/Temp/alt9586_8930118524356590514.dir/0007_rom_0_gen//platform_rom_0_component_configuration.pl  --do_build_sim=0  ]
Info: rom_0: Done RTL generation for module 'platform_rom_0'
Info: rom_0: "platform" instantiated altera_avalon_onchip_memory2 "rom_0"
Info: timer_0: Starting RTL generation for module 'platform_timer_0'
Info: timer_0:   Generation command is [exec C:/intelFPGA_lite/20.1/quartus/bin64//perl/bin/perl.exe -I C:/intelFPGA_lite/20.1/quartus/bin64//perl/lib -I C:/intelfpga_lite/20.1/quartus/sopc_builder/bin/europa -I C:/intelfpga_lite/20.1/quartus/sopc_builder/bin -I C:/intelfpga_lite/20.1/quartus/../ip/altera/sopc_builder_ip/common -I C:/intelfpga_lite/20.1/quartus/../ip/altera/sopc_builder_ip/altera_avalon_timer -- C:/intelfpga_lite/20.1/quartus/../ip/altera/sopc_builder_ip/altera_avalon_timer/generate_rtl.pl --name=platform_timer_0 --dir=C:/Users/luisA/AppData/Local/Temp/alt9586_8930118524356590514.dir/0008_timer_0_gen/ --quartus_dir=C:/intelfpga_lite/20.1/quartus --verilog --config=C:/Users/luisA/AppData/Local/Temp/alt9586_8930118524356590514.dir/0008_timer_0_gen//platform_timer_0_component_configuration.pl  --do_build_sim=0  ]
Info: timer_0: Done RTL generation for module 'platform_timer_0'
Info: timer_0: "platform" instantiated altera_avalon_timer "timer_0"
Info: avalon_st_adapter: Inserting error_adapter: error_adapter_0
Info: avalon_st_adapter_001: Inserting error_adapter: error_adapter_0
Info: avalon_st_adapter_002: Inserting error_adapter: error_adapter_0
Info: avalon_st_adapter_003: Inserting error_adapter: error_adapter_0
Info: avalon_st_adapter_004: Inserting error_adapter: error_adapter_0
Info: avalon_st_adapter_005: Inserting error_adapter: error_adapter_0
Info: avalon_st_adapter_006: Inserting error_adapter: error_adapter_0
Info: avalon_st_adapter_007: Inserting error_adapter: error_adapter_0
Info: avalon_st_adapter_008: Inserting error_adapter: error_adapter_0
Info: avalon_st_adapter_009: Inserting error_adapter: error_adapter_0
Info: avalon_st_adapter_010: Inserting error_adapter: error_adapter_0
Info: mm_interconnect_0: "platform" instantiated altera_mm_interconnect "mm_interconnect_0"
Info: avalon_st_adapter: Inserting error_adapter: error_adapter_0
Info: mm_interconnect_1: "platform" instantiated altera_mm_interconnect "mm_interconnect_1"
Info: irq_mapper: "platform" instantiated altera_irq_mapper "irq_mapper"
Info: rst_controller: "platform" instantiated altera_reset_controller "rst_controller"
Info: cpu: Starting RTL generation for module 'platform_nios2_gen2_0_cpu'
Info: cpu:   Generation command is [exec C:/intelFPGA_lite/20.1/quartus/bin64//perl/bin/perl.exe -I C:/intelFPGA_lite/20.1/quartus/bin64//perl/lib -I C:/intelfpga_lite/20.1/quartus/sopc_builder/bin/europa -I C:/intelfpga_lite/20.1/quartus/sopc_builder/bin -I C:/intelfpga_lite/20.1/quartus/../ip/altera/nios2_ip/altera_nios2_gen2/cpu_lib -I C:/intelfpga_lite/20.1/quartus/../ip/altera/nios2_ip/altera_nios2_gen2/nios_lib -I C:/intelfpga_lite/20.1/quartus/../ip/altera/nios2_ip/altera_nios2_gen2 -I C:/intelfpga_lite/20.1/quartus/../ip/altera/nios2_ip/altera_nios2_gen2 -- C:/intelfpga_lite/20.1/quartus/../ip/altera/nios2_ip/altera_nios2_gen2/generate_rtl.pl --name=platform_nios2_gen2_0_cpu --dir=C:/Users/luisA/AppData/Local/Temp/alt9586_8930118524356590514.dir/0011_cpu_gen/ --quartus_bindir=C:/intelFPGA_lite/20.1/quartus/bin64/ --verilog --config=C:/Users/luisA/AppData/Local/Temp/alt9586_8930118524356590514.dir/0011_cpu_gen//platform_nios2_gen2_0_cpu_processor_configuration.pl  --do_build_sim=0  ]
Info: cpu: # 2023.08.17 18:09:58 (*) Starting Nios II generation
Info: cpu: # 2023.08.17 18:09:58 (*)   Elaborating CPU configuration settings
Info: cpu: # 2023.08.17 18:09:58 (*)   Creating all objects for CPU
Info: cpu: # 2023.08.17 18:09:59 (*)   Generating RTL from CPU objects
Info: cpu: # 2023.08.17 18:09:59 (*)   Creating plain-text RTL
Info: cpu: # 2023.08.17 18:09:59 (*) Done Nios II generation
Info: cpu: Done RTL generation for module 'platform_nios2_gen2_0_cpu'
Info: cpu: "nios2_gen2_0" instantiated altera_nios2_gen2_unit "cpu"
Info: nios2_gen2_0_data_master_translator: "mm_interconnect_0" instantiated altera_merlin_master_translator "nios2_gen2_0_data_master_translator"
Info: ram_0_s1_translator: "mm_interconnect_0" instantiated altera_merlin_slave_translator "ram_0_s1_translator"
Info: nios2_gen2_0_data_master_agent: "mm_interconnect_0" instantiated altera_merlin_master_agent "nios2_gen2_0_data_master_agent"
Info: ram_0_s1_agent: "mm_interconnect_0" instantiated altera_merlin_slave_agent "ram_0_s1_agent"
Info: ram_0_s1_agent_rsp_fifo: "mm_interconnect_0" instantiated altera_avalon_sc_fifo "ram_0_s1_agent_rsp_fifo"
Info: router: "mm_interconnect_0" instantiated altera_merlin_router "router"
Info: router_001: "mm_interconnect_0" instantiated altera_merlin_router "router_001"
Info: cmd_demux: "mm_interconnect_0" instantiated altera_merlin_demultiplexer "cmd_demux"
Info: cmd_mux: "mm_interconnect_0" instantiated altera_merlin_multiplexer "cmd_mux"
Info: rsp_demux: "mm_interconnect_0" instantiated altera_merlin_demultiplexer "rsp_demux"
Info: rsp_mux: "mm_interconnect_0" instantiated altera_merlin_multiplexer "rsp_mux"
Info: Reusing file C:/TEC/Operativos/Tarea1/platform/synthesis/submodules/altera_merlin_arbitrator.sv
Info: avalon_st_adapter: "mm_interconnect_0" instantiated altera_avalon_st_adapter "avalon_st_adapter"
Info: router: "mm_interconnect_1" instantiated altera_merlin_router "router"
Info: router_001: "mm_interconnect_1" instantiated altera_merlin_router "router_001"
Info: cmd_demux: "mm_interconnect_1" instantiated altera_merlin_demultiplexer "cmd_demux"
Info: cmd_mux: "mm_interconnect_1" instantiated altera_merlin_multiplexer "cmd_mux"
Info: Reusing file C:/TEC/Operativos/Tarea1/platform/synthesis/submodules/altera_merlin_arbitrator.sv
Info: rsp_mux: "mm_interconnect_1" instantiated altera_merlin_multiplexer "rsp_mux"
Info: Reusing file C:/TEC/Operativos/Tarea1/platform/synthesis/submodules/altera_merlin_arbitrator.sv
Info: error_adapter_0: "avalon_st_adapter" instantiated error_adapter "error_adapter_0"
Info: platform: Done "platform" with 32 modules, 41 files
Info: qsys-generate succeeded.
Info: Finished: Create HDL design files for synthesis
